<?xml version="1.0" encoding="UTF-8"?>
<!-- Generated by org.testng.reporters.JUnitXMLReporter -->
<testsuite ignored="0" hostname="Zebronics" failures="0" tests="3" name="Default test" time="60.679" errors="0" timestamp="2025-11-12T23:48:06 IST">
  <testcase classname="com.demoblaze.tests.OrderTest" name="testPlaceOrderWithValidDetails" time="45.739"/>
  <testcase classname="com.demoblaze.tests.OrderTest" name="testPlaceOrderWithEmptyForm" time="1.589"/>
  <testcase classname="com.demoblaze.tests.OrderTest" name="testCompleteOrderAndNavigationFlow" time="3.616"/>
</testsuite> <!-- Default test -->
