<?xml version="1.0" encoding="UTF-8"?>
<!-- Generated by org.testng.reporters.JUnitXMLReporter -->
<testsuite ignored="4" hostname="Zebronics" failures="0" tests="11" name="Chrome Tests" time="67.308" errors="0" timestamp="2025-11-13T00:03:25 IST">
  <testcase classname="com.demoblaze.tests.SignUpTest" name="testSignupWithValidDetails" time="4.607"/>
  <testcase classname="com.demoblaze.tests.LoginTest" name="testValidLogin" time="5.129"/>
  <testcase classname="com.demoblaze.tests.SignUpTest" name="testValidLogin" time="4.514"/>
  <testcase classname="com.demoblaze.tests.LoginTest" name="testInvalidPassword" time="2.872"/>
  <testcase classname="com.demoblaze.tests.SignUpTest" name="testEmptyFields" time="5.021"/>
  <testcase classname="com.demoblaze.tests.LoginTest" name="testEmptyFields" time="2.786"/>
  <testcase classname="com.demoblaze.tests.LoginTest" name="testInvalidEmailFormat" time="2.841"/>
  <testcase classname="com.demoblaze.tests.LoginTest" name="testPasswordFieldMasksInput" time="1.686"/>
  <testcase classname="com.demoblaze.tests.OrderTest" name="testPlaceOrderWithValidDetails" time="51.424"/>
  <testcase classname="com.demoblaze.tests.OrderTest" name="testPlaceOrderWithEmptyForm" time="1.344"/>
  <testcase classname="com.demoblaze.tests.OrderTest" name="testCompleteOrderAndNavigationFlow" time="3.183"/>
  <testcase classname="com.demoblaze.base.TestBase" name="@AfterSuite suiteTearDown" time="0.0">
    <ignored/>
  </testcase> <!-- @AfterSuite suiteTearDown -->
  <testcase classname="com.demoblaze.base.TestBase" name="@AfterSuite suiteTearDown" time="0.0">
    <ignored/>
  </testcase> <!-- @AfterSuite suiteTearDown -->
  <testcase classname="com.demoblaze.base.TestBase" name="@BeforeSuite suiteSetup" time="0.0">
    <ignored/>
  </testcase> <!-- @BeforeSuite suiteSetup -->
  <testcase classname="com.demoblaze.base.TestBase" name="@BeforeSuite suiteSetup" time="0.0">
    <ignored/>
  </testcase> <!-- @BeforeSuite suiteSetup -->
</testsuite> <!-- Chrome Tests -->
