<?xml version="1.0" encoding="UTF-8"?>
<!-- Generated by org.testng.reporters.JUnitXMLReporter -->
<testsuite ignored="4" hostname="Zebronics" failures="1" tests="11" name="Firefox Tests" time="98.867" errors="0" timestamp="2025-11-13T00:05:30 IST">
  <testcase classname="com.demoblaze.tests.SignUpTest" name="testSignupWithValidDetails" time="3.02"/>
  <testcase classname="com.demoblaze.tests.LoginTest" name="testValidLogin" time="6.497"/>
  <testcase classname="com.demoblaze.tests.LoginTest" name="testInvalidPassword" time="2.468"/>
  <testcase classname="com.demoblaze.tests.SignUpTest" name="testValidLogin" time="4.218"/>
  <testcase classname="com.demoblaze.tests.LoginTest" name="testEmptyFields" time="2.894"/>
  <testcase classname="com.demoblaze.tests.SignUpTest" name="testEmptyFields" time="1.578"/>
  <testcase classname="com.demoblaze.tests.LoginTest" name="testInvalidEmailFormat" time="2.253"/>
  <testcase classname="com.demoblaze.tests.OrderTest" name="testPlaceOrderWithValidDetails" time="48.856"/>
  <testcase classname="com.demoblaze.tests.LoginTest" name="testPasswordFieldMasksInput" time="1.401"/>
  <testcase classname="com.demoblaze.tests.OrderTest" name="testPlaceOrderWithEmptyForm" time="1.294"/>
  <testcase classname="com.demoblaze.tests.OrderTest" name="testCompleteOrderAndNavigationFlow" time="17.325">
    <failure type="org.openqa.selenium.TimeoutException" message="Expected condition failed: waiting for visibility of [[FirefoxDriver: firefox on windows (eb9fdef6-1af9-4b53-81f3-9b269e735b79)] -&amp;gt; xpath: //h5[text()=&amp;apos;New message&amp;apos;]] (tried for 15 second(s) with 500 milliseconds interval)
Build info: version: &amp;apos;4.33.0&amp;apos;, revision: &amp;apos;2c6aaad03a&amp;apos;
System info: os.name: &amp;apos;Windows 11&amp;apos;, os.arch: &amp;apos;amd64&amp;apos;, os.version: &amp;apos;10.0&amp;apos;, java.version: &amp;apos;21.0.8&amp;apos;
Driver info: org.openqa.selenium.firefox.FirefoxDriver
Capabilities {acceptInsecureCerts: true, browserName: firefox, browserVersion: 143.0.1, moz:accessibilityChecks: false, moz:buildID: 20250918214338, moz:geckodriverVersion: 0.36.0, moz:headless: false, moz:platformVersion: 10.0, moz:processID: 17920, moz:profile: C:\Users\91986\AppData\Loca..., moz:shutdownTimeout: 60000, moz:webdriverClick: true, moz:windowless: false, pageLoadStrategy: normal, platformName: windows, proxy: Proxy(), setWindowRect: true, strictFileInteractability: false, timeouts: {implicit: 0, pageLoad: 300000, script: 30000}, unhandledPromptBehavior: dismiss and notify, userAgent: Mozilla/5.0 (Windows NT 10....}
Session ID: eb9fdef6-1af9-4b53-81f3-9b269e735b79">
      <![CDATA[org.openqa.selenium.TimeoutException: Expected condition failed: waiting for visibility of [[FirefoxDriver: firefox on windows (eb9fdef6-1af9-4b53-81f3-9b269e735b79)] -> xpath: //h5[text()='New message']] (tried for 15 second(s) with 500 milliseconds interval)
Build info: version: '4.33.0', revision: '2c6aaad03a'
System info: os.name: 'Windows 11', os.arch: 'amd64', os.version: '10.0', java.version: '21.0.8'
Driver info: org.openqa.selenium.firefox.FirefoxDriver
Capabilities {acceptInsecureCerts: true, browserName: firefox, browserVersion: 143.0.1, moz:accessibilityChecks: false, moz:buildID: 20250918214338, moz:geckodriverVersion: 0.36.0, moz:headless: false, moz:platformVersion: 10.0, moz:processID: 17920, moz:profile: C:\Users\91986\AppData\Loca..., moz:shutdownTimeout: 60000, moz:webdriverClick: true, moz:windowless: false, pageLoadStrategy: normal, platformName: windows, proxy: Proxy(), setWindowRect: true, strictFileInteractability: false, timeouts: {implicit: 0, pageLoad: 300000, script: 30000}, unhandledPromptBehavior: dismiss and notify, userAgent: Mozilla/5.0 (Windows NT 10....}
Session ID: eb9fdef6-1af9-4b53-81f3-9b269e735b79
at org.openqa.selenium.support.ui.WebDriverWait.timeoutException(WebDriverWait.java:84)
at org.openqa.selenium.support.ui.FluentWait.until(FluentWait.java:228)
at com.demoblaze.pages.HomePage.isContactModalDisplayed(HomePage.java:361)
at com.demoblaze.tests.OrderTest.lambda$2(OrderTest.java:302)
at org.openqa.selenium.support.ui.FluentWait.until(FluentWait.java:203)
at com.demoblaze.utils.WaitUtils.waitForCondition(WaitUtils.java:91)
at com.demoblaze.tests.OrderTest.waitForContactModalToLoad(OrderTest.java:301)
at com.demoblaze.tests.OrderTest.testCompleteOrderAndNavigationFlow(OrderTest.java:281)
at java.base/java.util.concurrent.Executors$RunnableAdapter.call(Executors.java:572)
at java.base/java.util.concurrent.FutureTask.run(FutureTask.java:317)
at java.base/java.util.concurrent.ThreadPoolExecutor.runWorker(ThreadPoolExecutor.java:1144)
at java.base/java.util.concurrent.ThreadPoolExecutor$Worker.run(ThreadPoolExecutor.java:642)
at java.base/java.lang.Thread.run(Thread.java:1583)
... Removed 11 stack frames]]>
    </failure>
  </testcase> <!-- testCompleteOrderAndNavigationFlow -->
  <testcase classname="com.demoblaze.base.TestBase" name="@AfterSuite suiteTearDown" time="0.0">
    <ignored/>
  </testcase> <!-- @AfterSuite suiteTearDown -->
  <testcase classname="com.demoblaze.base.TestBase" name="@AfterSuite suiteTearDown" time="0.0">
    <ignored/>
  </testcase> <!-- @AfterSuite suiteTearDown -->
  <testcase classname="com.demoblaze.base.TestBase" name="@BeforeSuite suiteSetup" time="0.0">
    <ignored/>
  </testcase> <!-- @BeforeSuite suiteSetup -->
  <testcase classname="com.demoblaze.base.TestBase" name="@BeforeSuite suiteSetup" time="0.0">
    <ignored/>
  </testcase> <!-- @BeforeSuite suiteSetup -->
</testsuite> <!-- Firefox Tests -->
