<html>
<head>
<title>TestNG:  Firefox Tests</title>
<link href="../testng.css" rel="stylesheet" type="text/css" />
<link href="../my-testng.css" rel="stylesheet" type="text/css" />

<style type="text/css">
.log { display: none;} 
.stack-trace { display: none;} 
</style>
<script type="text/javascript">
<!--
function flip(e) {
  current = e.style.display;
  if (current == 'block') {
    e.style.display = 'none';
    return 0;
  }
  else {
    e.style.display = 'block';
    return 1;
  }
}

function toggleBox(szDivId, elem, msg1, msg2)
{
  var res = -1;  if (document.getElementById) {
    res = flip(document.getElementById(szDivId));
  }
  else if (document.all) {
    // this is the way old msie versions work
    res = flip(document.all[szDivId]);
  }
  if(elem) {
    if(res == 0) elem.innerHTML = msg1; else elem.innerHTML = msg2;
  }

}

function toggleAllBoxes() {
  if (document.getElementsByTagName) {
    d = document.getElementsByTagName('div');
    for (i = 0; i < d.length; i++) {
      if (d[i].className == 'log') {
        flip(d[i]);
      }
    }
  }
}

// -->
</script>

</head>
<body>
<h2 align='center'>Firefox Tests</h2><table border='1' align="center">
<tr>
<td>Tests passed/Failed/Skipped:</td><td>10/1/0</td>
</tr><tr>
<td>Started on:</td><td>Thu Nov 13 00:03:51 IST 2025</td>
</tr>
<tr><td>Total time:</td><td>98 seconds (98867 ms)</td>
</tr><tr>
<td>Included groups:</td><td></td>
</tr><tr>
<td>Excluded groups:</td><td></td>
</tr>
</table><p/>
<small><i>(Hover the method name to see the test class name)</i></small><p/>
<table width='100%' border='1' class='invocation-failed'>
<tr><td colspan='4' align='center'><b>FAILED TESTS</b></td></tr>
<tr><td><b>Test method</b></td>
<td><b>Attribute(s)</b></td>
<td width="30%"><b>Exception</b></td>
<td width="10%"><b>Time (seconds)</b></td>
<td><b>Instance</b></td>
</tr>
<tr>
<td title='com.demoblaze.tests.OrderTest.testCompleteOrderAndNavigationFlow()'><b>testCompleteOrderAndNavigationFlow</b><br>Test class: com.demoblaze.tests.OrderTest<br>Parameters: nataraj.guvi, 1</td>
<td><div><pre>org.openqa.selenium.TimeoutException: Expected condition failed: waiting for visibility of [[FirefoxDriver: firefox on windows (eb9fdef6-1af9-4b53-81f3-9b269e735b79)] -&gt; xpath: //h5[text()=&apos;New message&apos;]] (tried for 15 second(s) with 500 milliseconds interval)
Build info: version: &apos;4.33.0&apos;, revision: &apos;2c6aaad03a&apos;
System info: os.name: &apos;Windows 11&apos;, os.arch: &apos;amd64&apos;, os.version: &apos;10.0&apos;, java.version: &apos;21.0.8&apos;
Driver info: org.openqa.selenium.firefox.FirefoxDriver
Capabilities {acceptInsecureCerts: true, browserName: firefox, browserVersion: 143.0.1, moz:accessibilityChecks: false, moz:buildID: 20250918214338, moz:geckodriverVersion: 0.36.0, moz:headless: false, moz:platformVersion: 10.0, moz:processID: 17920, moz:profile: C:\Users\91986\AppData\Loca..., moz:shutdownTimeout: 60000, moz:webdriverClick: true, moz:windowless: false, pageLoadStrategy: normal, platformName: windows, proxy: Proxy(), setWindowRect: true, strictFileInteractability: false, timeouts: {implicit: 0, pageLoad: 300000, script: 30000}, unhandledPromptBehavior: dismiss and notify, userAgent: Mozilla/5.0 (Windows NT 10....}
Session ID: eb9fdef6-1af9-4b53-81f3-9b269e735b79
	at org.openqa.selenium.support.ui.WebDriverWait.timeoutException(WebDriverWait.java:84)
	at org.openqa.selenium.support.ui.FluentWait.until(FluentWait.java:228)
	at com.demoblaze.pages.HomePage.isContactModalDisplayed(HomePage.java:361)
	at com.demoblaze.tests.OrderTest.lambda$2(OrderTest.java:302)
	at org.openqa.selenium.support.ui.FluentWait.until(FluentWait.java:203)
	at com.demoblaze.utils.WaitUtils.waitForCondition(WaitUtils.java:91)
	at com.demoblaze.tests.OrderTest.waitForContactModalToLoad(OrderTest.java:301)
	at com.demoblaze.tests.OrderTest.testCompleteOrderAndNavigationFlow(OrderTest.java:281)
	at java.base/java.util.concurrent.Executors$RunnableAdapter.call(Executors.java:572)
	at java.base/java.util.concurrent.FutureTask.run(FutureTask.java:317)
	at java.base/java.util.concurrent.ThreadPoolExecutor.runWorker(ThreadPoolExecutor.java:1144)
	at java.base/java.util.concurrent.ThreadPoolExecutor$Worker.run(ThreadPoolExecutor.java:642)
	at java.base/java.lang.Thread.run(Thread.java:1583)
... Removed 11 stack frames</pre></div><a href='#' onClick='toggleBox("stack-trace1534733376", this, "Click to show all stack frames", "Click to hide stack frames")'>Click to show all stack frames</a>
<div class='stack-trace' id='stack-trace1534733376'><pre>org.openqa.selenium.TimeoutException: Expected condition failed: waiting for visibility of [[FirefoxDriver: firefox on windows (eb9fdef6-1af9-4b53-81f3-9b269e735b79)] -&gt; xpath: //h5[text()=&apos;New message&apos;]] (tried for 15 second(s) with 500 milliseconds interval)
Build info: version: &apos;4.33.0&apos;, revision: &apos;2c6aaad03a&apos;
System info: os.name: &apos;Windows 11&apos;, os.arch: &apos;amd64&apos;, os.version: &apos;10.0&apos;, java.version: &apos;21.0.8&apos;
Driver info: org.openqa.selenium.firefox.FirefoxDriver
Capabilities {acceptInsecureCerts: true, browserName: firefox, browserVersion: 143.0.1, moz:accessibilityChecks: false, moz:buildID: 20250918214338, moz:geckodriverVersion: 0.36.0, moz:headless: false, moz:platformVersion: 10.0, moz:processID: 17920, moz:profile: C:\Users\91986\AppData\Loca..., moz:shutdownTimeout: 60000, moz:webdriverClick: true, moz:windowless: false, pageLoadStrategy: normal, platformName: windows, proxy: Proxy(), setWindowRect: true, strictFileInteractability: false, timeouts: {implicit: 0, pageLoad: 300000, script: 30000}, unhandledPromptBehavior: dismiss and notify, userAgent: Mozilla/5.0 (Windows NT 10....}
Session ID: eb9fdef6-1af9-4b53-81f3-9b269e735b79
	at org.openqa.selenium.support.ui.WebDriverWait.timeoutException(WebDriverWait.java:84)
	at org.openqa.selenium.support.ui.FluentWait.until(FluentWait.java:228)
	at com.demoblaze.pages.HomePage.isContactModalDisplayed(HomePage.java:361)
	at com.demoblaze.tests.OrderTest.lambda$2(OrderTest.java:302)
	at org.openqa.selenium.support.ui.FluentWait.until(FluentWait.java:203)
	at com.demoblaze.utils.WaitUtils.waitForCondition(WaitUtils.java:91)
	at com.demoblaze.tests.OrderTest.waitForContactModalToLoad(OrderTest.java:301)
	at com.demoblaze.tests.OrderTest.testCompleteOrderAndNavigationFlow(OrderTest.java:281)
	at java.base/jdk.internal.reflect.DirectMethodHandleAccessor.invoke(DirectMethodHandleAccessor.java:103)
	at java.base/java.lang.reflect.Method.invoke(Method.java:580)
	at org.testng.internal.invokers.MethodInvocationHelper.invokeMethod(MethodInvocationHelper.java:141)
	at org.testng.internal.invokers.TestInvoker.invokeMethod(TestInvoker.java:687)
	at org.testng.internal.invokers.TestInvoker.invokeTestMethod(TestInvoker.java:230)
	at org.testng.internal.invokers.MethodRunner.runInSequence(MethodRunner.java:63)
	at org.testng.internal.invokers.TestInvoker$MethodInvocationAgent.invoke(TestInvoker.java:995)
	at org.testng.internal.invokers.TestInvoker.invokeTestMethods(TestInvoker.java:203)
	at org.testng.internal.invokers.TestMethodWorker.invokeTestMethods(TestMethodWorker.java:154)
	at org.testng.internal.invokers.TestMethodWorker.run(TestMethodWorker.java:134)
	at java.base/java.util.concurrent.Executors$RunnableAdapter.call(Executors.java:572)
	at java.base/java.util.concurrent.FutureTask.run(FutureTask.java:317)
	at org.testng.internal.thread.graph.TestNGFutureTask.run(TestNGFutureTask.java:22)
	at java.base/java.util.concurrent.ThreadPoolExecutor.runWorker(ThreadPoolExecutor.java:1144)
	at java.base/java.util.concurrent.ThreadPoolExecutor$Worker.run(ThreadPoolExecutor.java:642)
	at java.base/java.lang.Thread.run(Thread.java:1583)
</pre></div></td>
<td>17</td>
<td>com.demoblaze.tests.OrderTest@7103cb56</td></tr>
</table><p>
<table width='100%' border='1' class='invocation-passed'>
<tr><td colspan='4' align='center'><b>PASSED TESTS</b></td></tr>
<tr><td><b>Test method</b></td>
<td><b>Attribute(s)</b></td>
<td width="30%"><b>Exception</b></td>
<td width="10%"><b>Time (seconds)</b></td>
<td><b>Instance</b></td>
</tr>
<tr>
<td title='com.demoblaze.tests.OrderTest.testPlaceOrderWithValidDetails()'><b>testPlaceOrderWithValidDetails</b><br>Test class: com.demoblaze.tests.OrderTest<br>Parameters: nataraj.guvi, 1</td>
<td></td>
<td>48</td>
<td>com.demoblaze.tests.OrderTest@7103cb56</td></tr>
<tr>
<td title='com.demoblaze.tests.SignUpTest.testSignupWithValidDetails()'><b>testSignupWithValidDetails</b><br>Test class: com.demoblaze.tests.SignUpTest<br>Test method: Verify user sign-up with unique credentials<br>Parameters: Nataraj52f92, 12345e6e93</td>
<td></td>
<td>3</td>
<td>com.demoblaze.tests.SignUpTest@301ec38b</td></tr>
<tr>
<td title='com.demoblaze.tests.SignUpTest.testEmptyFields()'><b>testEmptyFields</b><br>Test class: com.demoblaze.tests.SignUpTest<br>Test method: Verify sign-up with empty fields<br>Parameters: empty.username, empty.password</td>
<td></td>
<td>1</td>
<td>com.demoblaze.tests.SignUpTest@301ec38b</td></tr>
<tr>
<td title='com.demoblaze.tests.LoginTest.testInvalidEmailFormat()'><b>testInvalidEmailFormat</b><br>Test class: com.demoblaze.tests.LoginTest<br>Test method: Verify login with InvalidEmailFormat<br>Parameters: user.com, 1</td>
<td></td>
<td>2</td>
<td>com.demoblaze.tests.LoginTest@42463763</td></tr>
<tr>
<td title='com.demoblaze.tests.LoginTest.testValidLogin()'><b>testValidLogin</b><br>Test class: com.demoblaze.tests.LoginTest<br>Test method: Verify login with valid credentials<br>Parameters: nataraj.guvi, 1</td>
<td></td>
<td>6</td>
<td>com.demoblaze.tests.LoginTest@42463763</td></tr>
<tr>
<td title='com.demoblaze.tests.SignUpTest.testValidLogin()'><b>testValidLogin</b><br>Test class: com.demoblaze.tests.SignUpTest<br>Test method: Verify sign-up with existing username<br>Parameters: nataraj.guvi, 1</td>
<td></td>
<td>4</td>
<td>com.demoblaze.tests.SignUpTest@301ec38b</td></tr>
<tr>
<td title='com.demoblaze.tests.OrderTest.testPlaceOrderWithEmptyForm()'><b>testPlaceOrderWithEmptyForm</b><br>Test class: com.demoblaze.tests.OrderTest<br>Parameters: nataraj.guvi, 1</td>
<td></td>
<td>1</td>
<td>com.demoblaze.tests.OrderTest@7103cb56</td></tr>
<tr>
<td title='com.demoblaze.tests.LoginTest.testEmptyFields()'><b>testEmptyFields</b><br>Test class: com.demoblaze.tests.LoginTest<br>Test method: Verify login with EmptyFields<br>Parameters: empty.username, empty.password</td>
<td></td>
<td>2</td>
<td>com.demoblaze.tests.LoginTest@42463763</td></tr>
<tr>
<td title='com.demoblaze.tests.LoginTest.testPasswordFieldMasksInput()'><b>testPasswordFieldMasksInput</b><br>Test class: com.demoblaze.tests.LoginTest<br>Test method: Verify password field masks input<br>Parameters: nataraj.guvi, 1</td>
<td></td>
<td>1</td>
<td>com.demoblaze.tests.LoginTest@42463763</td></tr>
<tr>
<td title='com.demoblaze.tests.LoginTest.testInvalidPassword()'><b>testInvalidPassword</b><br>Test class: com.demoblaze.tests.LoginTest<br>Test method: Verify login with incorrect password<br>Parameters: nataraj.guvi, 2</td>
<td></td>
<td>2</td>
<td>com.demoblaze.tests.LoginTest@42463763</td></tr>
</table><p>
</body>
</html>