<?xml version="1.0" encoding="UTF-8"?>
<!-- Generated by org.testng.reporters.JUnitReportReporter -->
<testsuite hostname="Zebronics" failures="0" tests="5" name="com.demoblaze.tests.LoginTest" time="67.068" errors="0" timestamp="2025-11-13T00:05:31 IST" skipped="0">
  <testcase classname="com.demoblaze.tests.LoginTest" name="testValidLogin" time="17.717"/>
  <testcase classname="com.demoblaze.tests.LoginTest" name="testInvalidPassword" time="12.003"/>
  <testcase classname="com.demoblaze.tests.LoginTest" name="testEmptyFields" time="18.764"/>
  <testcase classname="com.demoblaze.tests.LoginTest" name="testInvalidEmailFormat" time="10.198"/>
  <testcase classname="com.demoblaze.tests.LoginTest" name="testPasswordFieldMasksInput" time="8.386"/>
</testsuite> <!-- com.demoblaze.tests.LoginTest -->
