<?xml version="1.0" encoding="UTF-8"?>
<!-- Generated by org.testng.reporters.JUnitReportReporter -->
<testsuite hostname="Zebronics" failures="0" tests="3" name="com.demoblaze.tests.SignUpTest" time="49.305" errors="0" timestamp="2025-11-13T00:05:31 IST" skipped="0">
  <testcase classname="com.demoblaze.tests.SignUpTest" name="testSignupWithValidDetails" time="13.813"/>
  <testcase classname="com.demoblaze.tests.SignUpTest" name="testValidLogin" time="19.530"/>
  <testcase classname="com.demoblaze.tests.SignUpTest" name="testEmptyFields" time="15.962"/>
</testsuite> <!-- com.demoblaze.tests.SignUpTest -->
